TN:
SF:src/lib/habits.ts
FN:3,toggleHabitCompletion
FNF:1
FNH:1
FNDA:4,toggleHabitCompletion
DA:4,4
DA:5,4
DA:7,4
DA:8,3
DA:10,1
DA:13,4
DA:15,4
LF:7
LH:7
BRDA:7,0,0,3
BRDA:7,0,1,1
BRF:2
BRH:2
end_of_record
TN:
SF:src/lib/slug.ts
FN:1,getHabitSlug
FNF:1
FNH:1
FNDA:7,getHabitSlug
DA:2,7
LF:1
LH:1
BRF:0
BRH:0
end_of_record
TN:
SF:src/lib/streaks.ts
FN:1,calculateCurrentStreak
FNF:1
FNH:1
FNDA:8,calculateCurrentStreak
DA:2,8
DA:4,8
DA:6,8
DA:8,6
DA:9,6
DA:11,6
DA:12,19
DA:13,19
DA:14,13
DA:15,13
DA:17,6
DA:21,6
LF:12
LH:12
BRDA:2,0,0,8
BRDA:2,0,1,0
BRDA:6,1,0,2
BRDA:6,1,1,6
BRDA:13,2,0,13
BRDA:13,2,1,6
BRF:6
BRH:5
end_of_record
TN:
SF:src/lib/validators.ts
FN:1,validateHabitName
FNF:1
FNH:1
FNDA:4,validateHabitName
DA:6,4
DA:8,4
DA:9,2
DA:12,2
DA:13,1
DA:20,1
LF:6
LH:6
BRDA:8,0,0,2
BRDA:8,0,1,2
BRDA:12,1,0,1
BRDA:12,1,1,1
BRF:4
BRH:4
end_of_record
